The system is: Linux - 3.0.101-63-default - x86_64
Compiling the C compiler identification source file "CMakeCCompilerId.c" succeeded.
Compiler: /usr/bin/cc 
Build flags: 
Id flags: 

The output was:
0


Compilation of the C compiler identification source "CMakeCCompilerId.c" produced "a.out"

The C compiler identification is GNU, found in "/home/hpc/capm/sn0524/LiXA/Simulation/Seventh/Seventh-build/CMakeFiles/3.4.3/CompilerIdC/a.out"

Compiling the CXX compiler identification source file "CMakeCXXCompilerId.cpp" succeeded.
Compiler: /usr/bin/c++ 
Build flags: 
Id flags: 

The output was:
0


Compilation of the CXX compiler identification source "CMakeCXXCompilerId.cpp" produced "a.out"

The CXX compiler identification is GNU, found in "/home/hpc/capm/sn0524/LiXA/Simulation/Seventh/Seventh-build/CMakeFiles/3.4.3/CompilerIdCXX/a.out"

Determining if the C compiler works passed with the following output:
Change Dir: /home/hpc/capm/sn0524/LiXA/Simulation/Seventh/Seventh-build/CMakeFiles/CMakeTmp

Run Build Command:"/usr/bin/gmake" "cmTC_81bea/fast"
/usr/bin/gmake -f CMakeFiles/cmTC_81bea.dir/build.make CMakeFiles/cmTC_81bea.dir/build
gmake[1]: Entering directory `/home/hpc/capm/sn0524/LiXA/Simulation/Seventh/Seventh-build/CMakeFiles/CMakeTmp'
Building C object CMakeFiles/cmTC_81bea.dir/testCCompiler.c.o
/usr/bin/cc     -o CMakeFiles/cmTC_81bea.dir/testCCompiler.c.o   -c /home/hpc/capm/sn0524/LiXA/Simulation/Seventh/Seventh-build/CMakeFiles/CMakeTmp/testCCompiler.c
Linking C executable cmTC_81bea
/home/vault/capshared/apps/cmake/3.4.3/bin/cmake -E cmake_link_script CMakeFiles/cmTC_81bea.dir/link.txt --verbose=1
/usr/bin/cc       CMakeFiles/cmTC_81bea.dir/testCCompiler.c.o  -o cmTC_81bea -rdynamic 
gmake[1]: Leaving directory `/home/hpc/capm/sn0524/LiXA/Simulation/Seventh/Seventh-build/CMakeFiles/CMakeTmp'


Detecting C compiler ABI info compiled with the following output:
Change Dir: /home/hpc/capm/sn0524/LiXA/Simulation/Seventh/Seventh-build/CMakeFiles/CMakeTmp

Run Build Command:"/usr/bin/gmake" "cmTC_25398/fast"
/usr/bin/gmake -f CMakeFiles/cmTC_25398.dir/build.make CMakeFiles/cmTC_25398.dir/build
gmake[1]: Entering directory `/home/hpc/capm/sn0524/LiXA/Simulation/Seventh/Seventh-build/CMakeFiles/CMakeTmp'
Building C object CMakeFiles/cmTC_25398.dir/CMakeCCompilerABI.c.o
/usr/bin/cc     -o CMakeFiles/cmTC_25398.dir/CMakeCCompilerABI.c.o   -c /home/vault/capshared/apps/cmake/3.4.3/share/cmake-3.4/Modules/CMakeCCompilerABI.c
Linking C executable cmTC_25398
/home/vault/capshared/apps/cmake/3.4.3/bin/cmake -E cmake_link_script CMakeFiles/cmTC_25398.dir/link.txt --verbose=1
/usr/bin/cc      -v CMakeFiles/cmTC_25398.dir/CMakeCCompilerABI.c.o  -o cmTC_25398 -rdynamic  
Using built-in specs.
Target: x86_64-suse-linux
Configured with: ../configure --prefix=/usr --infodir=/usr/share/info --mandir=/usr/share/man --libdir=/usr/lib64 --libexecdir=/usr/lib64 --enable-languages=c,c++,objc,fortran,obj-c++,java,ada --enable-checking=release --with-gxx-include-dir=/usr/include/c++/4.3 --enable-ssp --disable-libssp --with-bugurl=http://bugs.opensuse.org/ --with-pkgversion='SUSE Linux' --disable-libgcj --disable-libmudflap --with-slibdir=/lib64 --with-system-zlib --enable-__cxa_atexit --enable-libstdcxx-allocator=new --disable-libstdcxx-pch --enable-version-specific-runtime-libs --program-suffix=-4.3 --enable-linux-futex --without-system-libunwind --with-cpu=generic --build=x86_64-suse-linux
Thread model: posix
gcc version 4.3.4 [gcc-4_3-branch revision 152973] (SUSE Linux) 
COMPILER_PATH=/usr/lib64/gcc/x86_64-suse-linux/4.3/:/usr/lib64/gcc/x86_64-suse-linux/4.3/:/usr/lib64/gcc/x86_64-suse-linux/:/usr/lib64/gcc/x86_64-suse-linux/4.3/:/usr/lib64/gcc/x86_64-suse-linux/:/usr/lib64/gcc/x86_64-suse-linux/4.3/../../../../x86_64-suse-linux/bin/
LIBRARY_PATH=/usr/lib64/gcc/x86_64-suse-linux/4.3/:/usr/lib64/gcc/x86_64-suse-linux/4.3/../../../../lib64/:/lib/../lib64/:/usr/lib/../lib64/:/apps/intel/ComposerXE/composer_xe_2011_sp1.9.293/mkl/lib/intel64/:/usr/lib64/gcc/x86_64-suse-linux/4.3/../../../../x86_64-suse-linux/lib/:/usr/lib64/gcc/x86_64-suse-linux/4.3/../../../:/lib/:/usr/lib/
COLLECT_GCC_OPTIONS='-v' '-o' 'cmTC_25398' '-rdynamic' '-mtune=generic'
 /usr/lib64/gcc/x86_64-suse-linux/4.3/collect2 --build-id --eh-frame-hdr -m elf_x86_64 -export-dynamic -dynamic-linker /lib64/ld-linux-x86-64.so.2 -o cmTC_25398 /usr/lib64/gcc/x86_64-suse-linux/4.3/../../../../lib64/crt1.o /usr/lib64/gcc/x86_64-suse-linux/4.3/../../../../lib64/crti.o /usr/lib64/gcc/x86_64-suse-linux/4.3/crtbegin.o -L/usr/lib64/gcc/x86_64-suse-linux/4.3 -L/usr/lib64/gcc/x86_64-suse-linux/4.3/../../../../lib64 -L/lib/../lib64 -L/usr/lib/../lib64 -L/apps/intel/ComposerXE/composer_xe_2011_sp1.9.293/mkl/lib/intel64 -L/usr/lib64/gcc/x86_64-suse-linux/4.3/../../../../x86_64-suse-linux/lib -L/usr/lib64/gcc/x86_64-suse-linux/4.3/../../.. CMakeFiles/cmTC_25398.dir/CMakeCCompilerABI.c.o -lgcc --as-needed -lgcc_s --no-as-needed -lc -lgcc --as-needed -lgcc_s --no-as-needed /usr/lib64/gcc/x86_64-suse-linux/4.3/crtend.o /usr/lib64/gcc/x86_64-suse-linux/4.3/../../../../lib64/crtn.o
gmake[1]: Leaving directory `/home/hpc/capm/sn0524/LiXA/Simulation/Seventh/Seventh-build/CMakeFiles/CMakeTmp'


Parsed C implicit link information from above output:
  link line regex: [^( *|.*[/\])(ld|([^/\]+-)?ld|collect2)[^/\]*( |$)]
  ignore line: [Change Dir: /home/hpc/capm/sn0524/LiXA/Simulation/Seventh/Seventh-build/CMakeFiles/CMakeTmp]
  ignore line: []
  ignore line: [Run Build Command:"/usr/bin/gmake" "cmTC_25398/fast"]
  ignore line: [/usr/bin/gmake -f CMakeFiles/cmTC_25398.dir/build.make CMakeFiles/cmTC_25398.dir/build]
  ignore line: [gmake[1]: Entering directory `/home/hpc/capm/sn0524/LiXA/Simulation/Seventh/Seventh-build/CMakeFiles/CMakeTmp']
  ignore line: [Building C object CMakeFiles/cmTC_25398.dir/CMakeCCompilerABI.c.o]
  ignore line: [/usr/bin/cc     -o CMakeFiles/cmTC_25398.dir/CMakeCCompilerABI.c.o   -c /home/vault/capshared/apps/cmake/3.4.3/share/cmake-3.4/Modules/CMakeCCompilerABI.c]
  ignore line: [Linking C executable cmTC_25398]
  ignore line: [/home/vault/capshared/apps/cmake/3.4.3/bin/cmake -E cmake_link_script CMakeFiles/cmTC_25398.dir/link.txt --verbose=1]
  ignore line: [/usr/bin/cc      -v CMakeFiles/cmTC_25398.dir/CMakeCCompilerABI.c.o  -o cmTC_25398 -rdynamic  ]
  ignore line: [Using built-in specs.]
  ignore line: [Target: x86_64-suse-linux]
  ignore line: [Configured with: ../configure --prefix=/usr --infodir=/usr/share/info --mandir=/usr/share/man --libdir=/usr/lib64 --libexecdir=/usr/lib64 --enable-languages=c,c++,objc,fortran,obj-c++,java,ada --enable-checking=release --with-gxx-include-dir=/usr/include/c++/4.3 --enable-ssp --disable-libssp --with-bugurl=http://bugs.opensuse.org/ --with-pkgversion='SUSE Linux' --disable-libgcj --disable-libmudflap --with-slibdir=/lib64 --with-system-zlib --enable-__cxa_atexit --enable-libstdcxx-allocator=new --disable-libstdcxx-pch --enable-version-specific-runtime-libs --program-suffix=-4.3 --enable-linux-futex --without-system-libunwind --with-cpu=generic --build=x86_64-suse-linux]
  ignore line: [Thread model: posix]
  ignore line: [gcc version 4.3.4 [gcc-4_3-branch revision 152973] (SUSE Linux) ]
  ignore line: [COMPILER_PATH=/usr/lib64/gcc/x86_64-suse-linux/4.3/:/usr/lib64/gcc/x86_64-suse-linux/4.3/:/usr/lib64/gcc/x86_64-suse-linux/:/usr/lib64/gcc/x86_64-suse-linux/4.3/:/usr/lib64/gcc/x86_64-suse-linux/:/usr/lib64/gcc/x86_64-suse-linux/4.3/../../../../x86_64-suse-linux/bin/]
  ignore line: [LIBRARY_PATH=/usr/lib64/gcc/x86_64-suse-linux/4.3/:/usr/lib64/gcc/x86_64-suse-linux/4.3/../../../../lib64/:/lib/../lib64/:/usr/lib/../lib64/:/apps/intel/ComposerXE/composer_xe_2011_sp1.9.293/mkl/lib/intel64/:/usr/lib64/gcc/x86_64-suse-linux/4.3/../../../../x86_64-suse-linux/lib/:/usr/lib64/gcc/x86_64-suse-linux/4.3/../../../:/lib/:/usr/lib/]
  ignore line: [COLLECT_GCC_OPTIONS='-v' '-o' 'cmTC_25398' '-rdynamic' '-mtune=generic']
  link line: [ /usr/lib64/gcc/x86_64-suse-linux/4.3/collect2 --build-id --eh-frame-hdr -m elf_x86_64 -export-dynamic -dynamic-linker /lib64/ld-linux-x86-64.so.2 -o cmTC_25398 /usr/lib64/gcc/x86_64-suse-linux/4.3/../../../../lib64/crt1.o /usr/lib64/gcc/x86_64-suse-linux/4.3/../../../../lib64/crti.o /usr/lib64/gcc/x86_64-suse-linux/4.3/crtbegin.o -L/usr/lib64/gcc/x86_64-suse-linux/4.3 -L/usr/lib64/gcc/x86_64-suse-linux/4.3/../../../../lib64 -L/lib/../lib64 -L/usr/lib/../lib64 -L/apps/intel/ComposerXE/composer_xe_2011_sp1.9.293/mkl/lib/intel64 -L/usr/lib64/gcc/x86_64-suse-linux/4.3/../../../../x86_64-suse-linux/lib -L/usr/lib64/gcc/x86_64-suse-linux/4.3/../../.. CMakeFiles/cmTC_25398.dir/CMakeCCompilerABI.c.o -lgcc --as-needed -lgcc_s --no-as-needed -lc -lgcc --as-needed -lgcc_s --no-as-needed /usr/lib64/gcc/x86_64-suse-linux/4.3/crtend.o /usr/lib64/gcc/x86_64-suse-linux/4.3/../../../../lib64/crtn.o]
    arg [/usr/lib64/gcc/x86_64-suse-linux/4.3/collect2] ==> ignore
    arg [--build-id] ==> ignore
    arg [--eh-frame-hdr] ==> ignore
    arg [-m] ==> ignore
    arg [elf_x86_64] ==> ignore
    arg [-export-dynamic] ==> ignore
    arg [-dynamic-linker] ==> ignore
    arg [/lib64/ld-linux-x86-64.so.2] ==> ignore
    arg [-o] ==> ignore
    arg [cmTC_25398] ==> ignore
    arg [/usr/lib64/gcc/x86_64-suse-linux/4.3/../../../../lib64/crt1.o] ==> ignore
    arg [/usr/lib64/gcc/x86_64-suse-linux/4.3/../../../../lib64/crti.o] ==> ignore
    arg [/usr/lib64/gcc/x86_64-suse-linux/4.3/crtbegin.o] ==> ignore
    arg [-L/usr/lib64/gcc/x86_64-suse-linux/4.3] ==> dir [/usr/lib64/gcc/x86_64-suse-linux/4.3]
    arg [-L/usr/lib64/gcc/x86_64-suse-linux/4.3/../../../../lib64] ==> dir [/usr/lib64/gcc/x86_64-suse-linux/4.3/../../../../lib64]
    arg [-L/lib/../lib64] ==> dir [/lib/../lib64]
    arg [-L/usr/lib/../lib64] ==> dir [/usr/lib/../lib64]
    arg [-L/apps/intel/ComposerXE/composer_xe_2011_sp1.9.293/mkl/lib/intel64] ==> dir [/apps/intel/ComposerXE/composer_xe_2011_sp1.9.293/mkl/lib/intel64]
    arg [-L/usr/lib64/gcc/x86_64-suse-linux/4.3/../../../../x86_64-suse-linux/lib] ==> dir [/usr/lib64/gcc/x86_64-suse-linux/4.3/../../../../x86_64-suse-linux/lib]
    arg [-L/usr/lib64/gcc/x86_64-suse-linux/4.3/../../..] ==> dir [/usr/lib64/gcc/x86_64-suse-linux/4.3/../../..]
    arg [CMakeFiles/cmTC_25398.dir/CMakeCCompilerABI.c.o] ==> ignore
    arg [-lgcc] ==> lib [gcc]
    arg [--as-needed] ==> ignore
    arg [-lgcc_s] ==> lib [gcc_s]
    arg [--no-as-needed] ==> ignore
    arg [-lc] ==> lib [c]
    arg [-lgcc] ==> lib [gcc]
    arg [--as-needed] ==> ignore
    arg [-lgcc_s] ==> lib [gcc_s]
    arg [--no-as-needed] ==> ignore
    arg [/usr/lib64/gcc/x86_64-suse-linux/4.3/crtend.o] ==> ignore
    arg [/usr/lib64/gcc/x86_64-suse-linux/4.3/../../../../lib64/crtn.o] ==> ignore
  remove lib [gcc]
  remove lib [gcc_s]
  remove lib [gcc]
  remove lib [gcc_s]
  collapse library dir [/usr/lib64/gcc/x86_64-suse-linux/4.3] ==> [/usr/lib64/gcc/x86_64-suse-linux/4.3]
  collapse library dir [/usr/lib64/gcc/x86_64-suse-linux/4.3/../../../../lib64] ==> [/usr/lib64]
  collapse library dir [/lib/../lib64] ==> [/lib64]
  collapse library dir [/usr/lib/../lib64] ==> [/usr/lib64]
  collapse library dir [/apps/intel/ComposerXE/composer_xe_2011_sp1.9.293/mkl/lib/intel64] ==> [/apps/intel/ComposerXE/composer_xe_2011_sp1.9.293/mkl/lib/intel64]
  collapse library dir [/usr/lib64/gcc/x86_64-suse-linux/4.3/../../../../x86_64-suse-linux/lib] ==> [/usr/x86_64-suse-linux/lib]
  collapse library dir [/usr/lib64/gcc/x86_64-suse-linux/4.3/../../..] ==> [/usr/lib64]
  implicit libs: [c]
  implicit dirs: [/usr/lib64/gcc/x86_64-suse-linux/4.3;/usr/lib64;/lib64;/apps/intel/ComposerXE/composer_xe_2011_sp1.9.293/mkl/lib/intel64;/usr/x86_64-suse-linux/lib]
  implicit fwks: []


Determining if the CXX compiler works passed with the following output:
Change Dir: /home/hpc/capm/sn0524/LiXA/Simulation/Seventh/Seventh-build/CMakeFiles/CMakeTmp

Run Build Command:"/usr/bin/gmake" "cmTC_2fe1f/fast"
/usr/bin/gmake -f CMakeFiles/cmTC_2fe1f.dir/build.make CMakeFiles/cmTC_2fe1f.dir/build
gmake[1]: Entering directory `/home/hpc/capm/sn0524/LiXA/Simulation/Seventh/Seventh-build/CMakeFiles/CMakeTmp'
Building CXX object CMakeFiles/cmTC_2fe1f.dir/testCXXCompiler.cxx.o
/usr/bin/c++      -o CMakeFiles/cmTC_2fe1f.dir/testCXXCompiler.cxx.o -c /home/hpc/capm/sn0524/LiXA/Simulation/Seventh/Seventh-build/CMakeFiles/CMakeTmp/testCXXCompiler.cxx
Linking CXX executable cmTC_2fe1f
/home/vault/capshared/apps/cmake/3.4.3/bin/cmake -E cmake_link_script CMakeFiles/cmTC_2fe1f.dir/link.txt --verbose=1
/usr/bin/c++        CMakeFiles/cmTC_2fe1f.dir/testCXXCompiler.cxx.o  -o cmTC_2fe1f -rdynamic 
gmake[1]: Leaving directory `/home/hpc/capm/sn0524/LiXA/Simulation/Seventh/Seventh-build/CMakeFiles/CMakeTmp'


Detecting CXX compiler ABI info compiled with the following output:
Change Dir: /home/hpc/capm/sn0524/LiXA/Simulation/Seventh/Seventh-build/CMakeFiles/CMakeTmp

Run Build Command:"/usr/bin/gmake" "cmTC_ba79f/fast"
/usr/bin/gmake -f CMakeFiles/cmTC_ba79f.dir/build.make CMakeFiles/cmTC_ba79f.dir/build
gmake[1]: Entering directory `/home/hpc/capm/sn0524/LiXA/Simulation/Seventh/Seventh-build/CMakeFiles/CMakeTmp'
Building CXX object CMakeFiles/cmTC_ba79f.dir/CMakeCXXCompilerABI.cpp.o
/usr/bin/c++      -o CMakeFiles/cmTC_ba79f.dir/CMakeCXXCompilerABI.cpp.o -c /home/vault/capshared/apps/cmake/3.4.3/share/cmake-3.4/Modules/CMakeCXXCompilerABI.cpp
Linking CXX executable cmTC_ba79f
/home/vault/capshared/apps/cmake/3.4.3/bin/cmake -E cmake_link_script CMakeFiles/cmTC_ba79f.dir/link.txt --verbose=1
/usr/bin/c++       -v CMakeFiles/cmTC_ba79f.dir/CMakeCXXCompilerABI.cpp.o  -o cmTC_ba79f -rdynamic  
Using built-in specs.
Target: x86_64-suse-linux
Configured with: ../configure --prefix=/usr --infodir=/usr/share/info --mandir=/usr/share/man --libdir=/usr/lib64 --libexecdir=/usr/lib64 --enable-languages=c,c++,objc,fortran,obj-c++,java,ada --enable-checking=release --with-gxx-include-dir=/usr/include/c++/4.3 --enable-ssp --disable-libssp --with-bugurl=http://bugs.opensuse.org/ --with-pkgversion='SUSE Linux' --disable-libgcj --disable-libmudflap --with-slibdir=/lib64 --with-system-zlib --enable-__cxa_atexit --enable-libstdcxx-allocator=new --disable-libstdcxx-pch --enable-version-specific-runtime-libs --program-suffix=-4.3 --enable-linux-futex --without-system-libunwind --with-cpu=generic --build=x86_64-suse-linux
Thread model: posix
gcc version 4.3.4 [gcc-4_3-branch revision 152973] (SUSE Linux) 
COMPILER_PATH=/usr/lib64/gcc/x86_64-suse-linux/4.3/:/usr/lib64/gcc/x86_64-suse-linux/4.3/:/usr/lib64/gcc/x86_64-suse-linux/:/usr/lib64/gcc/x86_64-suse-linux/4.3/:/usr/lib64/gcc/x86_64-suse-linux/:/usr/lib64/gcc/x86_64-suse-linux/4.3/../../../../x86_64-suse-linux/bin/
LIBRARY_PATH=/usr/lib64/gcc/x86_64-suse-linux/4.3/:/usr/lib64/gcc/x86_64-suse-linux/4.3/../../../../lib64/:/lib/../lib64/:/usr/lib/../lib64/:/apps/intel/ComposerXE/composer_xe_2011_sp1.9.293/mkl/lib/intel64/:/usr/lib64/gcc/x86_64-suse-linux/4.3/../../../../x86_64-suse-linux/lib/:/usr/lib64/gcc/x86_64-suse-linux/4.3/../../../:/lib/:/usr/lib/
COLLECT_GCC_OPTIONS='-v' '-o' 'cmTC_ba79f' '-rdynamic' '-shared-libgcc' '-mtune=generic'
 /usr/lib64/gcc/x86_64-suse-linux/4.3/collect2 --build-id --eh-frame-hdr -m elf_x86_64 -export-dynamic -dynamic-linker /lib64/ld-linux-x86-64.so.2 -o cmTC_ba79f /usr/lib64/gcc/x86_64-suse-linux/4.3/../../../../lib64/crt1.o /usr/lib64/gcc/x86_64-suse-linux/4.3/../../../../lib64/crti.o /usr/lib64/gcc/x86_64-suse-linux/4.3/crtbegin.o -L/usr/lib64/gcc/x86_64-suse-linux/4.3 -L/usr/lib64/gcc/x86_64-suse-linux/4.3/../../../../lib64 -L/lib/../lib64 -L/usr/lib/../lib64 -L/apps/intel/ComposerXE/composer_xe_2011_sp1.9.293/mkl/lib/intel64 -L/usr/lib64/gcc/x86_64-suse-linux/4.3/../../../../x86_64-suse-linux/lib -L/usr/lib64/gcc/x86_64-suse-linux/4.3/../../.. CMakeFiles/cmTC_ba79f.dir/CMakeCXXCompilerABI.cpp.o -lstdc++ -lm -lgcc_s -lgcc -lc -lgcc_s -lgcc /usr/lib64/gcc/x86_64-suse-linux/4.3/crtend.o /usr/lib64/gcc/x86_64-suse-linux/4.3/../../../../lib64/crtn.o
gmake[1]: Leaving directory `/home/hpc/capm/sn0524/LiXA/Simulation/Seventh/Seventh-build/CMakeFiles/CMakeTmp'


Parsed CXX implicit link information from above output:
  link line regex: [^( *|.*[/\])(ld|([^/\]+-)?ld|collect2)[^/\]*( |$)]
  ignore line: [Change Dir: /home/hpc/capm/sn0524/LiXA/Simulation/Seventh/Seventh-build/CMakeFiles/CMakeTmp]
  ignore line: []
  ignore line: [Run Build Command:"/usr/bin/gmake" "cmTC_ba79f/fast"]
  ignore line: [/usr/bin/gmake -f CMakeFiles/cmTC_ba79f.dir/build.make CMakeFiles/cmTC_ba79f.dir/build]
  ignore line: [gmake[1]: Entering directory `/home/hpc/capm/sn0524/LiXA/Simulation/Seventh/Seventh-build/CMakeFiles/CMakeTmp']
  ignore line: [Building CXX object CMakeFiles/cmTC_ba79f.dir/CMakeCXXCompilerABI.cpp.o]
  ignore line: [/usr/bin/c++      -o CMakeFiles/cmTC_ba79f.dir/CMakeCXXCompilerABI.cpp.o -c /home/vault/capshared/apps/cmake/3.4.3/share/cmake-3.4/Modules/CMakeCXXCompilerABI.cpp]
  ignore line: [Linking CXX executable cmTC_ba79f]
  ignore line: [/home/vault/capshared/apps/cmake/3.4.3/bin/cmake -E cmake_link_script CMakeFiles/cmTC_ba79f.dir/link.txt --verbose=1]
  ignore line: [/usr/bin/c++       -v CMakeFiles/cmTC_ba79f.dir/CMakeCXXCompilerABI.cpp.o  -o cmTC_ba79f -rdynamic  ]
  ignore line: [Using built-in specs.]
  ignore line: [Target: x86_64-suse-linux]
  ignore line: [Configured with: ../configure --prefix=/usr --infodir=/usr/share/info --mandir=/usr/share/man --libdir=/usr/lib64 --libexecdir=/usr/lib64 --enable-languages=c,c++,objc,fortran,obj-c++,java,ada --enable-checking=release --with-gxx-include-dir=/usr/include/c++/4.3 --enable-ssp --disable-libssp --with-bugurl=http://bugs.opensuse.org/ --with-pkgversion='SUSE Linux' --disable-libgcj --disable-libmudflap --with-slibdir=/lib64 --with-system-zlib --enable-__cxa_atexit --enable-libstdcxx-allocator=new --disable-libstdcxx-pch --enable-version-specific-runtime-libs --program-suffix=-4.3 --enable-linux-futex --without-system-libunwind --with-cpu=generic --build=x86_64-suse-linux]
  ignore line: [Thread model: posix]
  ignore line: [gcc version 4.3.4 [gcc-4_3-branch revision 152973] (SUSE Linux) ]
  ignore line: [COMPILER_PATH=/usr/lib64/gcc/x86_64-suse-linux/4.3/:/usr/lib64/gcc/x86_64-suse-linux/4.3/:/usr/lib64/gcc/x86_64-suse-linux/:/usr/lib64/gcc/x86_64-suse-linux/4.3/:/usr/lib64/gcc/x86_64-suse-linux/:/usr/lib64/gcc/x86_64-suse-linux/4.3/../../../../x86_64-suse-linux/bin/]
  ignore line: [LIBRARY_PATH=/usr/lib64/gcc/x86_64-suse-linux/4.3/:/usr/lib64/gcc/x86_64-suse-linux/4.3/../../../../lib64/:/lib/../lib64/:/usr/lib/../lib64/:/apps/intel/ComposerXE/composer_xe_2011_sp1.9.293/mkl/lib/intel64/:/usr/lib64/gcc/x86_64-suse-linux/4.3/../../../../x86_64-suse-linux/lib/:/usr/lib64/gcc/x86_64-suse-linux/4.3/../../../:/lib/:/usr/lib/]
  ignore line: [COLLECT_GCC_OPTIONS='-v' '-o' 'cmTC_ba79f' '-rdynamic' '-shared-libgcc' '-mtune=generic']
  link line: [ /usr/lib64/gcc/x86_64-suse-linux/4.3/collect2 --build-id --eh-frame-hdr -m elf_x86_64 -export-dynamic -dynamic-linker /lib64/ld-linux-x86-64.so.2 -o cmTC_ba79f /usr/lib64/gcc/x86_64-suse-linux/4.3/../../../../lib64/crt1.o /usr/lib64/gcc/x86_64-suse-linux/4.3/../../../../lib64/crti.o /usr/lib64/gcc/x86_64-suse-linux/4.3/crtbegin.o -L/usr/lib64/gcc/x86_64-suse-linux/4.3 -L/usr/lib64/gcc/x86_64-suse-linux/4.3/../../../../lib64 -L/lib/../lib64 -L/usr/lib/../lib64 -L/apps/intel/ComposerXE/composer_xe_2011_sp1.9.293/mkl/lib/intel64 -L/usr/lib64/gcc/x86_64-suse-linux/4.3/../../../../x86_64-suse-linux/lib -L/usr/lib64/gcc/x86_64-suse-linux/4.3/../../.. CMakeFiles/cmTC_ba79f.dir/CMakeCXXCompilerABI.cpp.o -lstdc++ -lm -lgcc_s -lgcc -lc -lgcc_s -lgcc /usr/lib64/gcc/x86_64-suse-linux/4.3/crtend.o /usr/lib64/gcc/x86_64-suse-linux/4.3/../../../../lib64/crtn.o]
    arg [/usr/lib64/gcc/x86_64-suse-linux/4.3/collect2] ==> ignore
    arg [--build-id] ==> ignore
    arg [--eh-frame-hdr] ==> ignore
    arg [-m] ==> ignore
    arg [elf_x86_64] ==> ignore
    arg [-export-dynamic] ==> ignore
    arg [-dynamic-linker] ==> ignore
    arg [/lib64/ld-linux-x86-64.so.2] ==> ignore
    arg [-o] ==> ignore
    arg [cmTC_ba79f] ==> ignore
    arg [/usr/lib64/gcc/x86_64-suse-linux/4.3/../../../../lib64/crt1.o] ==> ignore
    arg [/usr/lib64/gcc/x86_64-suse-linux/4.3/../../../../lib64/crti.o] ==> ignore
    arg [/usr/lib64/gcc/x86_64-suse-linux/4.3/crtbegin.o] ==> ignore
    arg [-L/usr/lib64/gcc/x86_64-suse-linux/4.3] ==> dir [/usr/lib64/gcc/x86_64-suse-linux/4.3]
    arg [-L/usr/lib64/gcc/x86_64-suse-linux/4.3/../../../../lib64] ==> dir [/usr/lib64/gcc/x86_64-suse-linux/4.3/../../../../lib64]
    arg [-L/lib/../lib64] ==> dir [/lib/../lib64]
    arg [-L/usr/lib/../lib64] ==> dir [/usr/lib/../lib64]
    arg [-L/apps/intel/ComposerXE/composer_xe_2011_sp1.9.293/mkl/lib/intel64] ==> dir [/apps/intel/ComposerXE/composer_xe_2011_sp1.9.293/mkl/lib/intel64]
    arg [-L/usr/lib64/gcc/x86_64-suse-linux/4.3/../../../../x86_64-suse-linux/lib] ==> dir [/usr/lib64/gcc/x86_64-suse-linux/4.3/../../../../x86_64-suse-linux/lib]
    arg [-L/usr/lib64/gcc/x86_64-suse-linux/4.3/../../..] ==> dir [/usr/lib64/gcc/x86_64-suse-linux/4.3/../../..]
    arg [CMakeFiles/cmTC_ba79f.dir/CMakeCXXCompilerABI.cpp.o] ==> ignore
    arg [-lstdc++] ==> lib [stdc++]
    arg [-lm] ==> lib [m]
    arg [-lgcc_s] ==> lib [gcc_s]
    arg [-lgcc] ==> lib [gcc]
    arg [-lc] ==> lib [c]
    arg [-lgcc_s] ==> lib [gcc_s]
    arg [-lgcc] ==> lib [gcc]
    arg [/usr/lib64/gcc/x86_64-suse-linux/4.3/crtend.o] ==> ignore
    arg [/usr/lib64/gcc/x86_64-suse-linux/4.3/../../../../lib64/crtn.o] ==> ignore
  remove lib [gcc_s]
  remove lib [gcc]
  remove lib [gcc_s]
  remove lib [gcc]
  collapse library dir [/usr/lib64/gcc/x86_64-suse-linux/4.3] ==> [/usr/lib64/gcc/x86_64-suse-linux/4.3]
  collapse library dir [/usr/lib64/gcc/x86_64-suse-linux/4.3/../../../../lib64] ==> [/usr/lib64]
  collapse library dir [/lib/../lib64] ==> [/lib64]
  collapse library dir [/usr/lib/../lib64] ==> [/usr/lib64]
  collapse library dir [/apps/intel/ComposerXE/composer_xe_2011_sp1.9.293/mkl/lib/intel64] ==> [/apps/intel/ComposerXE/composer_xe_2011_sp1.9.293/mkl/lib/intel64]
  collapse library dir [/usr/lib64/gcc/x86_64-suse-linux/4.3/../../../../x86_64-suse-linux/lib] ==> [/usr/x86_64-suse-linux/lib]
  collapse library dir [/usr/lib64/gcc/x86_64-suse-linux/4.3/../../..] ==> [/usr/lib64]
  implicit libs: [stdc++;m;c]
  implicit dirs: [/usr/lib64/gcc/x86_64-suse-linux/4.3;/usr/lib64;/lib64;/apps/intel/ComposerXE/composer_xe_2011_sp1.9.293/mkl/lib/intel64;/usr/x86_64-suse-linux/lib]
  implicit fwks: []


